<?xml version="1.0" encoding="UTF-8"?>
<!-- Generated by org.testng.reporters.JUnitReportReporter -->
<testsuite hostname="DESKTOP-0S1VJHF" failures="0" tests="1" name="testCases.TC0001_AccountRegistrationTest" time="10.259" errors="0" timestamp="2024-12-24T15:26:26 IST" skipped="0">
  <testcase classname="testCases.TC0001_AccountRegistrationTest" name="verify_account_registration" time="10.259"/>
</testsuite> <!-- testCases.TC0001_AccountRegistrationTest -->
