<?xml version="1.0" encoding="UTF-8"?>
<!-- Generated by org.testng.reporters.JUnitReportReporter -->
<testsuite hostname="DESKTOP-0S1VJHF" failures="0" tests="1" name="testCases.TC0002_LoginTest" time="1.900" errors="0" timestamp="2025-01-07T19:52:15 IST" skipped="0">
  <testcase classname="testCases.TC0002_LoginTest" name="verify_login" time="1.900"/>
</testsuite> <!-- testCases.TC0002_LoginTest -->
