<?xml version="1.0" encoding="UTF-8"?>
<!-- Generated by org.testng.reporters.JUnitReportReporter -->
<testsuite hostname="DESKTOP-0S1VJHF" failures="0" tests="1" name="testCases.TC001_AccountRegistrationTest" time="4.550" errors="0" timestamp="2025-04-01T11:35:59 IST" skipped="0">
  <testcase classname="testCases.TC001_AccountRegistrationTest" name="verify_account_registration" time="4.550"/>
</testsuite> <!-- testCases.TC001_AccountRegistrationTest -->
