<?xml version="1.0" encoding="UTF-8"?>
<!-- Generated by org.testng.reporters.JUnitReportReporter -->
<testsuite hostname="DESKTOP-0S1VJHF" failures="0" tests="1" name="testCases.TC002_LoginTest" time="2.120" errors="0" timestamp="2025-04-01T11:35:59 IST" skipped="0">
  <testcase classname="testCases.TC002_LoginTest" name="verify_login" time="2.120"/>
</testsuite> <!-- testCases.TC002_LoginTest -->
