<?xml version="1.0" encoding="UTF-8"?>
<!-- Generated by org.testng.reporters.JUnitReportReporter -->
<testsuite hostname="DESKTOP-0S1VJHF" failures="0" tests="9" name="testCases.TC003_LoginDDT" time="110.136" errors="0" timestamp="2025-04-01T11:35:59 IST" skipped="0">
  <testcase classname="testCases.TC003_LoginDDT" name="verify_loginDDT" time="5.693"/>
  <testcase classname="testCases.TC003_LoginDDT" name="verify_loginDDT" time="18.238"/>
  <testcase classname="testCases.TC003_LoginDDT" name="verify_loginDDT" time="14.857"/>
  <testcase classname="testCases.TC003_LoginDDT" name="verify_loginDDT" time="15.064"/>
  <testcase classname="testCases.TC003_LoginDDT" name="verify_loginDDT" time="5.534"/>
  <testcase classname="testCases.TC003_LoginDDT" name="verify_loginDDT" time="5.803"/>
  <testcase classname="testCases.TC003_LoginDDT" name="verify_loginDDT" time="14.878"/>
  <testcase classname="testCases.TC003_LoginDDT" name="verify_loginDDT" time="15.044"/>
  <testcase classname="testCases.TC003_LoginDDT" name="verify_loginDDT" time="15.025"/>
</testsuite> <!-- testCases.TC003_LoginDDT -->
